<?xml version="1.0" encoding="UTF-8"?>
<!-- Generated by org.testng.reporters.JUnitXMLReporter -->
<testsuite ignored="0" hostname="IN-JG6ZZD3" failures="0" tests="3" name="Mobile" time="0.046" errors="0" timestamp="2024-08-29T18:58:47 IST">
  <testcase classname="frameworkTestNG.dataProviderAnnotation" name="login" time="0.007"/>
  <testcase classname="frameworkTestNG.dataProviderAnnotation" name="login" time="0.0"/>
  <testcase classname="frameworkTestNG.dataProviderAnnotation" name="login" time="0.001"/>
</testsuite> <!-- Mobile -->
