<?xml version="1.0" encoding="UTF-8"?>
<!-- Generated by org.testng.reporters.JUnitXMLReporter -->
<testsuite ignored="4" hostname="IN-JG6ZZD3" failures="0" tests="4" name="Test" time="0.091" errors="0" timestamp="2024-08-29T15:28:36 IST">
  <testcase classname="frameworkTestNG.secondtestNG" name="webprac1" time="0.012"/>
  <testcase classname="frameworkTestNG.secondtestNG" name="webprac2" time="0.002"/>
  <testcase classname="frameworkTestNG.secondtestNG" name="webprac3" time="0.002"/>
  <testcase classname="frameworkTestNG.secondtestNG" name="webprac4" time="0.001"/>
  <testcase classname="frameworkTestNG.firsttestNG" name="prac1" time="0.0">
    <ignored/>
  </testcase> <!-- prac1 -->
  <testcase classname="frameworkTestNG.firsttestNG" name="prac3" time="0.0">
    <ignored/>
  </testcase> <!-- prac3 -->
  <testcase classname="frameworkTestNG.firsttestNG" name="prac2" time="0.0">
    <ignored/>
  </testcase> <!-- prac2 -->
  <testcase classname="frameworkTestNG.firsttestNG" name="prac4" time="0.0">
    <ignored/>
  </testcase> <!-- prac4 -->
</testsuite> <!-- Test -->
