<?xml version="1.0" encoding="UTF-8"?>
<!-- Generated by org.testng.reporters.JUnitXMLReporter -->
<testsuite ignored="0" hostname="IN-JG6ZZD3" failures="0" tests="4" name="Web" time="0.024" errors="0" timestamp="2024-08-29T17:09:58 IST">
  <testcase classname="frameworkTestNG.secondtestNG" name="webprac1" time="0.001"/>
  <testcase classname="frameworkTestNG.secondtestNG" name="webprac2" time="0.001"/>
  <testcase classname="frameworkTestNG.secondtestNG" name="webprac4" time="0.001"/>
  <testcase classname="frameworkTestNG.secondtestNG" name="webprac3" time="0.001"/>
</testsuite> <!-- Web -->
