<?xml version="1.0" encoding="UTF-8"?>
<testng-results ignored="0" total="1" passed="1" failed="0" skipped="0">
  <reporter-output>
  </reporter-output>
  <suite started-at="2024-08-30T14:12:00 IST" name="Default suite" finished-at="2024-08-30T14:12:00 IST" duration-ms="37">
    <groups>
    </groups>
    <test started-at="2024-08-30T14:12:00 IST" name="Default test" finished-at="2024-08-30T14:12:00 IST" duration-ms="37">
      <class name="frameworkTestNG.PS1">
        <test-method signature="math()[pri:0, instance:frameworkTestNG.PS1@a3d8174]" started-at="2024-08-30T14:12:00 IST" name="math" finished-at="2024-08-30T14:12:00 IST" duration-ms="7" status="PASS">
          <reporter-output>
          </reporter-output>
        </test-method> <!-- math -->
      </class> <!-- frameworkTestNG.PS1 -->
    </test> <!-- Default test -->
  </suite> <!-- Default suite -->
</testng-results>
